# JRE version: OpenJDK Runtime Environment Temurin-21.0.7+6 (21.0.7+6) (build 21.0.7+6-LTS)
# Java VM: OpenJDK 64-Bit Server VM Temurin-21.0.7+6 (21.0.7+6-LTS, mixed mode, sharing, tiered, compressed oops, compressed class ptrs, parallel gc, windows-amd64)
GC Precious Log:
 CardTable entry size: 512
 CPUs: 12 total, 12 available
 Memory: 16091M
 Large Page Support: Disabled
 NUMA Support: Disabled
 Compressed Oops: Enabled (32-bit)
 Alignments: Space 512K, Generation 512K, Heap 2M
 Heap Min Capacity: 100M
 Heap Initial Capacity: 100M
 Heap Max Capacity: 2G
 Pre-touch: Disabled
 Parallel Workers: 10
Heap:
 PSYoungGen      total 19456K, used 12338K [0x00000000d5580000, 0x00000000d6d80000, 0x0000000100000000)
  eden space 18944K, 62% used [0x00000000d5580000,0x00000000d6114b38,0x00000000d6800000)
  from space 512K, 93% used [0x00000000d6d00000,0x00000000d6d78000,0x00000000d6d80000)
  to   space 1024K, 0% used [0x00000000d6b80000,0x00000000d6b80000,0x00000000d6c80000)
 ParOldGen       total 68608K, used 34941K [0x0000000080000000, 0x0000000084300000, 0x00000000d5580000)
  object space 68608K, 50% used [0x0000000080000000,0x000000008221f718,0x0000000084300000)
 Metaspace       used 51355K, committed 52544K, reserved 1114112K
  class space    used 5506K, committed 6080K, reserved 1048576K
GC Heap History (20 events):
Event: 33.124 GC heap before
{Heap before GC invocations=19 (full 2):
 PSYoungGen      total 23040K, used 23011K [0x00000000d5580000, 0x00000000d7000000, 0x0000000100000000)
  eden space 22016K, 99% used [0x00000000d5580000,0x00000000d6affff8,0x00000000d6b00000)
  from space 1024K, 97% used [0x00000000d6f00000,0x00000000d6ff8e60,0x00000000d7000000)
  to   space 2048K, 0% used [0x00000000d6c00000,0x00000000d6c00000,0x00000000d6e00000)
 ParOldGen       total 68608K, used 18300K [0x0000000080000000, 0x0000000084300000, 0x00000000d5580000)
  object space 68608K, 26% used [0x0000000080000000,0x00000000811df1e8,0x0000000084300000)
 Metaspace       used 40975K, committed 42048K, reserved 1114112K
  class space    used 4311K, committed 4736K, reserved 1048576K
}
Event: 33.126 GC heap after
{Heap after GC invocations=19 (full 2):
 PSYoungGen      total 24064K, used 1669K [0x00000000d5580000, 0x00000000d6f80000, 0x0000000100000000)
  eden space 22016K, 0% used [0x00000000d5580000,0x00000000d5580000,0x00000000d6b00000)
  from space 2048K, 81% used [0x00000000d6c00000,0x00000000d6da1430,0x00000000d6e00000)
  to   space 1536K, 0% used [0x00000000d6e00000,0x00000000d6e00000,0x00000000d6f80000)
 ParOldGen       total 68608K, used 19316K [0x0000000080000000, 0x0000000084300000, 0x00000000d5580000)
  object space 68608K, 28% used [0x0000000080000000,0x00000000812dd118,0x0000000084300000)
 Metaspace       used 40975K, committed 42048K, reserved 1114112K
  class space    used 4311K, committed 4736K, reserved 1048576K
}
Event: 33.468 GC heap before
{Heap before GC invocations=20 (full 2):
 PSYoungGen      total 24064K, used 23685K [0x00000000d5580000, 0x00000000d6f80000, 0x0000000100000000)
  eden space 22016K, 100% used [0x00000000d5580000,0x00000000d6b00000,0x00000000d6b00000)
  from space 2048K, 81% used [0x00000000d6c00000,0x00000000d6da1430,0x00000000d6e00000)
  to   space 1536K, 0% used [0x00000000d6e00000,0x00000000d6e00000,0x00000000d6f80000)
 ParOldGen       total 68608K, used 19316K [0x0000000080000000, 0x0000000084300000, 0x00000000d5580000)
  object space 68608K, 28% used [0x0000000080000000,0x00000000812dd118,0x0000000084300000)
 Metaspace       used 43452K, committed 44608K, reserved 1114112K
  class space    used 4594K, committed 5120K, reserved 1048576K
}
Event: 33.470 GC heap after
{Heap after GC invocations=20 (full 2):
 PSYoungGen      total 20480K, used 1530K [0x00000000d5580000, 0x00000000d7700000, 0x0000000100000000)
  eden space 18944K, 0% used [0x00000000d5580000,0x00000000d5580000,0x00000000d6800000)
  from space 1536K, 99% used [0x00000000d6e00000,0x00000000d6f7eaa8,0x00000000d6f80000)
  to   space 6144K, 0% used [0x00000000d6800000,0x00000000d6800000,0x00000000d6e00000)
 ParOldGen       total 68608K, used 23126K [0x0000000080000000, 0x0000000084300000, 0x00000000d5580000)
  object space 68608K, 33% used [0x0000000080000000,0x00000000816959e0,0x0000000084300000)
 Metaspace       used 43452K, committed 44608K, reserved 1114112K
  class space    used 4594K, committed 5120K, reserved 1048576K
}
Event: 37.710 GC heap before
{Heap before GC invocations=21 (full 2):
 PSYoungGen      total 20480K, used 20474K [0x00000000d5580000, 0x00000000d7700000, 0x0000000100000000)
  eden space 18944K, 100% used [0x00000000d5580000,0x00000000d6800000,0x00000000d6800000)
  from space 1536K, 99% used [0x00000000d6e00000,0x00000000d6f7eaa8,0x00000000d6f80000)
  to   space 6144K, 0% used [0x00000000d6800000,0x00000000d6800000,0x00000000d6e00000)
 ParOldGen       total 68608K, used 23126K [0x0000000080000000, 0x0000000084300000, 0x00000000d5580000)
  object space 68608K, 33% used [0x0000000080000000,0x00000000816959e0,0x0000000084300000)
 Metaspace       used 46553K, committed 47744K, reserved 1114112K
  class space    used 4957K, committed 5504K, reserved 1048576K
}
Event: 37.712 GC heap after
{Heap after GC invocations=21 (full 2):
 PSYoungGen      total 20480K, used 1466K [0x00000000d5580000, 0x00000000d6e80000, 0x0000000100000000)
  eden space 18944K, 0% used [0x00000000d5580000,0x00000000d5580000,0x00000000d6800000)
  from space 1536K, 95% used [0x00000000d6800000,0x00000000d696eb38,0x00000000d6980000)
  to   space 3072K, 0% used [0x00000000d6b80000,0x00000000d6b80000,0x00000000d6e80000)
 ParOldGen       total 68608K, used 24268K [0x0000000080000000, 0x0000000084300000, 0x00000000d5580000)
  object space 68608K, 35% used [0x0000000080000000,0x00000000817b32d8,0x0000000084300000)
 Metaspace       used 46553K, committed 47744K, reserved 1114112K
  class space    used 4957K, committed 5504K, reserved 1048576K
}
Event: 43.888 GC heap before
{Heap before GC invocations=22 (full 2):
 PSYoungGen      total 20480K, used 20410K [0x00000000d5580000, 0x00000000d6e80000, 0x0000000100000000)
  eden space 18944K, 100% used [0x00000000d5580000,0x00000000d6800000,0x00000000d6800000)
  from space 1536K, 95% used [0x00000000d6800000,0x00000000d696eb38,0x00000000d6980000)
  to   space 3072K, 0% used [0x00000000d6b80000,0x00000000d6b80000,0x00000000d6e80000)
 ParOldGen       total 68608K, used 24268K [0x0000000080000000, 0x0000000084300000, 0x00000000d5580000)
  object space 68608K, 35% used [0x0000000080000000,0x00000000817b32d8,0x0000000084300000)
 Metaspace       used 48969K, committed 50048K, reserved 1114112K
  class space    used 5273K, committed 5760K, reserved 1048576K
}
Event: 43.890 GC heap after
{Heap after GC invocations=22 (full 2):
 PSYoungGen      total 19968K, used 800K [0x00000000d5580000, 0x00000000d6c80000, 0x0000000100000000)
  eden space 18944K, 0% used [0x00000000d5580000,0x00000000d5580000,0x00000000d6800000)
  from space 1024K, 78% used [0x00000000d6b80000,0x00000000d6c48000,0x00000000d6c80000)
  to   space 1536K, 0% used [0x00000000d6980000,0x00000000d6980000,0x00000000d6b00000)
 ParOldGen       total 68608K, used 25539K [0x0000000080000000, 0x0000000084300000, 0x00000000d5580000)
  object space 68608K, 37% used [0x0000000080000000,0x00000000818f0e50,0x0000000084300000)
 Metaspace       used 48969K, committed 50048K, reserved 1114112K
  class space    used 5273K, committed 5760K, reserved 1048576K
}
Event: 47.972 GC heap before
{Heap before GC invocations=23 (full 2):
 PSYoungGen      total 19968K, used 19744K [0x00000000d5580000, 0x00000000d6c80000, 0x0000000100000000)
  eden space 18944K, 100% used [0x00000000d5580000,0x00000000d6800000,0x00000000d6800000)
  from space 1024K, 78% used [0x00000000d6b80000,0x00000000d6c48000,0x00000000d6c80000)
  to   space 1536K, 0% used [0x00000000d6980000,0x00000000d6980000,0x00000000d6b00000)
 ParOldGen       total 68608K, used 25539K [0x0000000080000000, 0x0000000084300000, 0x00000000d5580000)
  object space 68608K, 37% used [0x0000000080000000,0x00000000818f0e50,0x0000000084300000)
 Metaspace       used 49362K, committed 50432K, reserved 1114112K
  class space    used 5304K, committed 5760K, reserved 1048576K
}
Event: 47.974 GC heap after
{Heap after GC invocations=23 (full 2):
 PSYoungGen      total 20480K, used 1531K [0x00000000d5580000, 0x00000000d7900000, 0x0000000100000000)
  eden space 18944K, 0% used [0x00000000d5580000,0x00000000d5580000,0x00000000d6800000)
  from space 1536K, 99% used [0x00000000d6980000,0x00000000d6afefa0,0x00000000d6b00000)
  to   space 8704K, 0% used [0x00000000d7080000,0x00000000d7080000,0x00000000d7900000)
 ParOldGen       total 68608K, used 31525K [0x0000000080000000, 0x0000000084300000, 0x00000000d5580000)
  object space 68608K, 45% used [0x0000000080000000,0x0000000081ec9640,0x0000000084300000)
 Metaspace       used 49362K, committed 50432K, reserved 1114112K
  class space    used 5304K, committed 5760K, reserved 1048576K
}
Event: 48.027 GC heap before
{Heap before GC invocations=24 (full 2):
 PSYoungGen      total 20480K, used 20475K [0x00000000d5580000, 0x00000000d7900000, 0x0000000100000000)
  eden space 18944K, 100% used [0x00000000d5580000,0x00000000d6800000,0x00000000d6800000)
  from space 1536K, 99% used [0x00000000d6980000,0x00000000d6afefa0,0x00000000d6b00000)
  to   space 8704K, 0% used [0x00000000d7080000,0x00000000d7080000,0x00000000d7900000)
 ParOldGen       total 68608K, used 31525K [0x0000000080000000, 0x0000000084300000, 0x00000000d5580000)
  object space 68608K, 45% used [0x0000000080000000,0x0000000081ec9640,0x0000000084300000)
 Metaspace       used 49441K, committed 50496K, reserved 1114112K
  class space    used 5310K, committed 5760K, reserved 1048576K
}
Event: 48.029 GC heap after
{Heap after GC invocations=24 (full 2):
 PSYoungGen      total 22016K, used 2624K [0x00000000d5580000, 0x00000000d7380000, 0x0000000100000000)
  eden space 18944K, 0% used [0x00000000d5580000,0x00000000d5580000,0x00000000d6800000)
  from space 3072K, 85% used [0x00000000d7080000,0x00000000d7310000,0x00000000d7380000)
  to   space 4608K, 0% used [0x00000000d6a80000,0x00000000d6a80000,0x00000000d6f00000)
 ParOldGen       total 68608K, used 32853K [0x0000000080000000, 0x0000000084300000, 0x00000000d5580000)
  object space 68608K, 47% used [0x0000000080000000,0x0000000082015678,0x0000000084300000)
 Metaspace       used 49441K, committed 50496K, reserved 1114112K
  class space    used 5310K, committed 5760K, reserved 1048576K
}
Event: 48.052 GC heap before
{Heap before GC invocations=25 (full 2):
 PSYoungGen      total 22016K, used 21568K [0x00000000d5580000, 0x00000000d7380000, 0x0000000100000000)
  eden space 18944K, 100% used [0x00000000d5580000,0x00000000d6800000,0x00000000d6800000)
  from space 3072K, 85% used [0x00000000d7080000,0x00000000d7310000,0x00000000d7380000)
  to   space 4608K, 0% used [0x00000000d6a80000,0x00000000d6a80000,0x00000000d6f00000)
 ParOldGen       total 68608K, used 32853K [0x0000000080000000, 0x0000000084300000, 0x00000000d5580000)
  object space 68608K, 47% used [0x0000000080000000,0x0000000082015678,0x0000000084300000)
 Metaspace       used 49454K, committed 50496K, reserved 1114112K
  class space    used 5310K, committed 5760K, reserved 1048576K
}
Event: 48.054 GC heap after
{Heap after GC invocations=25 (full 2):
 PSYoungGen      total 23552K, used 4592K [0x00000000d5580000, 0x00000000d7300000, 0x0000000100000000)
  eden space 18944K, 0% used [0x00000000d5580000,0x00000000d5580000,0x00000000d6800000)
  from space 4608K, 99% used [0x00000000d6a80000,0x00000000d6efc018,0x00000000d6f00000)
  to   space 4096K, 0% used [0x00000000d6f00000,0x00000000d6f00000,0x00000000d7300000)
 ParOldGen       total 68608K, used 33005K [0x0000000080000000, 0x0000000084300000, 0x00000000d5580000)
  object space 68608K, 48% used [0x0000000080000000,0x000000008203b678,0x0000000084300000)
 Metaspace       used 49454K, committed 50496K, reserved 1114112K
  class space    used 5310K, committed 5760K, reserved 1048576K
}
Event: 48.076 GC heap before
{Heap before GC invocations=26 (full 2):
 PSYoungGen      total 23552K, used 23533K [0x00000000d5580000, 0x00000000d7300000, 0x0000000100000000)
  eden space 18944K, 99% used [0x00000000d5580000,0x00000000d67ff408,0x00000000d6800000)
  from space 4608K, 99% used [0x00000000d6a80000,0x00000000d6efc018,0x00000000d6f00000)
  to   space 4096K, 0% used [0x00000000d6f00000,0x00000000d6f00000,0x00000000d7300000)
 ParOldGen       total 68608K, used 33005K [0x0000000080000000, 0x0000000084300000, 0x00000000d5580000)
  object space 68608K, 48% used [0x0000000080000000,0x000000008203b678,0x0000000084300000)
 Metaspace       used 49470K, committed 50496K, reserved 1114112K
  class space    used 5310K, committed 5760K, reserved 1048576K
}
Event: 48.077 GC heap after
{Heap after GC invocations=26 (full 2):
 PSYoungGen      total 23040K, used 4080K [0x00000000d5580000, 0x00000000d7300000, 0x0000000100000000)
  eden space 18944K, 0% used [0x00000000d5580000,0x00000000d5580000,0x00000000d6800000)
  from space 4096K, 99% used [0x00000000d6f00000,0x00000000d72fc018,0x00000000d7300000)
  to   space 5632K, 0% used [0x00000000d6800000,0x00000000d6800000,0x00000000d6d80000)
 ParOldGen       total 68608K, used 34185K [0x0000000080000000, 0x0000000084300000, 0x00000000d5580000)
  object space 68608K, 49% used [0x0000000080000000,0x00000000821627f8,0x0000000084300000)
 Metaspace       used 49470K, committed 50496K, reserved 1114112K
  class space    used 5310K, committed 5760K, reserved 1048576K
}
Event: 48.207 GC heap before
{Heap before GC invocations=27 (full 2):
 PSYoungGen      total 23040K, used 23024K [0x00000000d5580000, 0x00000000d7300000, 0x0000000100000000)
  eden space 18944K, 100% used [0x00000000d5580000,0x00000000d6800000,0x00000000d6800000)
  from space 4096K, 99% used [0x00000000d6f00000,0x00000000d72fc018,0x00000000d7300000)
  to   space 5632K, 0% used [0x00000000d6800000,0x00000000d6800000,0x00000000d6d80000)
 ParOldGen       total 68608K, used 34185K [0x0000000080000000, 0x0000000084300000, 0x00000000d5580000)
  object space 68608K, 49% used [0x0000000080000000,0x00000000821627f8,0x0000000084300000)
 Metaspace       used 49742K, committed 50880K, reserved 1114112K
  class space    used 5338K, committed 5824K, reserved 1048576K
}
Event: 48.208 GC heap after
{Heap after GC invocations=27 (full 2):
 PSYoungGen      total 19456K, used 512K [0x00000000d5580000, 0x00000000d6f80000, 0x0000000100000000)
  eden space 18944K, 0% used [0x00000000d5580000,0x00000000d5580000,0x00000000d6800000)
  from space 512K, 100% used [0x00000000d6800000,0x00000000d6880000,0x00000000d6880000)
  to   space 2560K, 0% used [0x00000000d6d00000,0x00000000d6d00000,0x00000000d6f80000)
 ParOldGen       total 68608K, used 34566K [0x0000000080000000, 0x0000000084300000, 0x00000000d5580000)
  object space 68608K, 50% used [0x0000000080000000,0x00000000821c18a0,0x0000000084300000)
 Metaspace       used 49742K, committed 50880K, reserved 1114112K
  class space    used 5338K, committed 5824K, reserved 1048576K
}
Event: 49.488 GC heap before
{Heap before GC invocations=28 (full 2):
 PSYoungGen      total 19456K, used 19455K [0x00000000d5580000, 0x00000000d6f80000, 0x0000000100000000)
  eden space 18944K, 99% used [0x00000000d5580000,0x00000000d67fffa8,0x00000000d6800000)
  from space 512K, 100% used [0x00000000d6800000,0x00000000d6880000,0x00000000d6880000)
  to   space 2560K, 0% used [0x00000000d6d00000,0x00000000d6d00000,0x00000000d6f80000)
 ParOldGen       total 68608K, used 34566K [0x0000000080000000, 0x0000000084300000, 0x00000000d5580000)
  object space 68608K, 50% used [0x0000000080000000,0x00000000821c18a0,0x0000000084300000)
 Metaspace       used 50492K, committed 51584K, reserved 1114112K
  class space    used 5407K, committed 5888K, reserved 1048576K
}
Event: 49.489 GC heap after
{Heap after GC invocations=28 (full 2):
 PSYoungGen      total 19456K, used 480K [0x00000000d5580000, 0x00000000d6d80000, 0x0000000100000000)
  eden space 18944K, 0% used [0x00000000d5580000,0x00000000d5580000,0x00000000d6800000)
  from space 512K, 93% used [0x00000000d6d00000,0x00000000d6d78000,0x00000000d6d80000)
  to   space 1024K, 0% used [0x00000000d6b80000,0x00000000d6b80000,0x00000000d6c80000)
 ParOldGen       total 68608K, used 34941K [0x0000000080000000, 0x0000000084300000, 0x00000000d5580000)
  object space 68608K, 50% used [0x0000000080000000,0x000000008221f718,0x0000000084300000)
 Metaspace       used 50492K, committed 51584K, reserved 1114112K
  class space    used 5407K, committed 5888K, reserved 1048576K
}

